mode: set
github.com/jorgejr568/pigration/cmd/pigration/main.go:11.13,12.38 1 0
github.com/jorgejr568/pigration/cmd/pigration/main.go:12.38,15.3 2 0
github.com/jorgejr568/pigration/internal/cli/init.go:32.34,37.55 1 1
github.com/jorgejr568/pigration/internal/cli/init.go:37.55,41.4 3 1
github.com/jorgejr568/pigration/internal/cli/init.go:43.2,44.12 2 1
github.com/jorgejr568/pigration/internal/cli/init.go:47.68,51.54 2 1
github.com/jorgejr568/pigration/internal/cli/init.go:51.54,53.3 1 1
github.com/jorgejr568/pigration/internal/cli/init.go:53.8,54.60 1 1
github.com/jorgejr568/pigration/internal/cli/init.go:54.60,55.50 1 1
github.com/jorgejr568/pigration/internal/cli/init.go:55.50,57.5 1 1
github.com/jorgejr568/pigration/internal/cli/init.go:59.3,59.85 1 1
github.com/jorgejr568/pigration/internal/cli/init.go:59.85,61.4 1 1
github.com/jorgejr568/pigration/internal/cli/init.go:62.3,62.42 1 1
github.com/jorgejr568/pigration/internal/cli/init.go:66.2,66.57 1 1
github.com/jorgejr568/pigration/internal/cli/init.go:66.57,68.3 1 1
github.com/jorgejr568/pigration/internal/cli/init.go:69.2,72.59 2 1
github.com/jorgejr568/pigration/internal/cli/init.go:72.59,74.3 1 1
github.com/jorgejr568/pigration/internal/cli/init.go:75.2,77.12 2 1
github.com/jorgejr568/pigration/internal/cli/init.go:81.42,84.39 3 1
github.com/jorgejr568/pigration/internal/cli/init.go:84.39,86.3 1 1
github.com/jorgejr568/pigration/internal/cli/init.go:87.2,87.57 1 1
github.com/jorgejr568/pigration/internal/cli/init.go:87.57,88.39 1 1
github.com/jorgejr568/pigration/internal/cli/init.go:88.39,90.4 1 1
github.com/jorgejr568/pigration/internal/cli/init.go:92.2,93.16 2 1
github.com/jorgejr568/pigration/internal/cli/init.go:93.16,95.3 1 1
github.com/jorgejr568/pigration/internal/cli/init.go:96.2,98.61 3 1
github.com/jorgejr568/pigration/internal/cli/init.go:98.61,100.3 1 1
github.com/jorgejr568/pigration/internal/cli/init.go:101.2,101.64 1 1
github.com/jorgejr568/pigration/internal/cli/init.go:101.64,103.3 1 0
github.com/jorgejr568/pigration/internal/cli/init.go:104.2,104.12 1 1
github.com/jorgejr568/pigration/internal/cli/make.go:16.34,21.55 1 1
github.com/jorgejr568/pigration/internal/cli/make.go:21.55,23.18 2 1
github.com/jorgejr568/pigration/internal/cli/make.go:23.18,25.5 1 1
github.com/jorgejr568/pigration/internal/cli/make.go:26.4,27.53 2 1
github.com/jorgejr568/pigration/internal/cli/make.go:32.83,34.16 2 1
github.com/jorgejr568/pigration/internal/cli/make.go:34.16,36.3 1 1
github.com/jorgejr568/pigration/internal/cli/make.go:38.2,39.48 2 1
github.com/jorgejr568/pigration/internal/cli/make.go:39.48,41.3 1 1
github.com/jorgejr568/pigration/internal/cli/make.go:42.2,43.41 2 1
github.com/jorgejr568/pigration/internal/cli/make.go:43.41,45.3 1 1
github.com/jorgejr568/pigration/internal/cli/make.go:46.2,46.67 1 1
github.com/jorgejr568/pigration/internal/cli/make.go:46.67,48.3 1 1
github.com/jorgejr568/pigration/internal/cli/make.go:49.2,50.12 2 1
github.com/jorgejr568/pigration/internal/cli/root.go:14.34,26.2 5 1
github.com/jorgejr568/pigration/internal/cli/root.go:29.44,31.27 2 1
github.com/jorgejr568/pigration/internal/cli/root.go:31.27,33.3 1 1
github.com/jorgejr568/pigration/internal/cli/root.go:34.2,34.10 1 1
github.com/jorgejr568/pigration/internal/cli/root.go:39.61,41.2 1 1
github.com/jorgejr568/pigration/internal/cli/root.go:44.22,46.2 1 1
github.com/jorgejr568/pigration/internal/cli/run.go:21.46,23.16 2 1
github.com/jorgejr568/pigration/internal/cli/run.go:23.16,25.3 1 1
github.com/jorgejr568/pigration/internal/cli/run.go:26.2,27.16 2 1
github.com/jorgejr568/pigration/internal/cli/run.go:27.16,29.3 1 0
github.com/jorgejr568/pigration/internal/cli/run.go:30.2,30.54 1 1
github.com/jorgejr568/pigration/internal/cli/run.go:30.54,32.3 1 1
github.com/jorgejr568/pigration/internal/cli/run.go:33.2,34.67 2 1
github.com/jorgejr568/pigration/internal/cli/run.go:34.67,36.3 1 1
github.com/jorgejr568/pigration/internal/cli/run.go:37.2,37.12 1 1
github.com/jorgejr568/pigration/internal/cli/run.go:44.88,45.43 1 1
github.com/jorgejr568/pigration/internal/cli/run.go:45.43,47.3 1 1
github.com/jorgejr568/pigration/internal/cli/run.go:48.2,48.24 1 1
github.com/jorgejr568/pigration/internal/cli/run.go:48.24,50.3 1 1
github.com/jorgejr568/pigration/internal/cli/run.go:51.2,52.16 2 1
github.com/jorgejr568/pigration/internal/cli/run.go:52.16,54.3 1 1
github.com/jorgejr568/pigration/internal/cli/run.go:56.2,61.32 6 1
github.com/jorgejr568/pigration/internal/cli/run.go:61.32,63.3 1 1
github.com/jorgejr568/pigration/internal/cli/run.go:64.2,64.12 1 1
github.com/jorgejr568/pigration/internal/cli/run.go:68.35,75.2 1 1
github.com/jorgejr568/pigration/internal/cli/run.go:82.65,84.40 2 1
github.com/jorgejr568/pigration/internal/cli/run.go:84.40,86.3 1 1
github.com/jorgejr568/pigration/internal/cli/run.go:87.2,87.15 1 1
github.com/jorgejr568/pigration/internal/cli/run.go:90.37,95.55 1 1
github.com/jorgejr568/pigration/internal/cli/run.go:95.55,97.18 2 1
github.com/jorgejr568/pigration/internal/cli/run.go:97.18,99.5 1 1
github.com/jorgejr568/pigration/internal/cli/run.go:100.4,101.18 2 1
github.com/jorgejr568/pigration/internal/cli/run.go:101.18,103.5 1 1
github.com/jorgejr568/pigration/internal/cli/run.go:104.4,104.76 1 1
github.com/jorgejr568/pigration/internal/cli/run.go:107.2,108.12 2 1
github.com/jorgejr568/pigration/internal/cli/run.go:111.38,116.55 1 1
github.com/jorgejr568/pigration/internal/cli/run.go:116.55,118.18 2 1
github.com/jorgejr568/pigration/internal/cli/run.go:118.18,120.5 1 1
github.com/jorgejr568/pigration/internal/cli/run.go:121.4,122.18 2 1
github.com/jorgejr568/pigration/internal/cli/run.go:122.18,124.5 1 1
github.com/jorgejr568/pigration/internal/cli/run.go:125.4,126.18 2 1
github.com/jorgejr568/pigration/internal/cli/run.go:126.18,128.5 1 1
github.com/jorgejr568/pigration/internal/cli/run.go:129.4,129.92 1 1
github.com/jorgejr568/pigration/internal/cli/run.go:132.2,134.12 3 1
github.com/jorgejr568/pigration/internal/cli/run.go:137.36,142.55 1 1
github.com/jorgejr568/pigration/internal/cli/run.go:142.55,144.18 2 1
github.com/jorgejr568/pigration/internal/cli/run.go:144.18,146.5 1 1
github.com/jorgejr568/pigration/internal/cli/run.go:147.4,147.66 1 1
github.com/jorgejr568/pigration/internal/cli/run.go:152.35,157.55 1 1
github.com/jorgejr568/pigration/internal/cli/run.go:157.55,159.18 2 1
github.com/jorgejr568/pigration/internal/cli/run.go:159.18,161.5 1 1
github.com/jorgejr568/pigration/internal/cli/run.go:163.4,164.16 2 1
github.com/jorgejr568/pigration/internal/cli/run.go:164.16,166.5 1 1
github.com/jorgejr568/pigration/internal/cli/run.go:168.4,169.14 2 1
github.com/jorgejr568/pigration/internal/cli/run.go:169.14,171.21 2 1
github.com/jorgejr568/pigration/internal/cli/run.go:171.21,173.6 1 1
github.com/jorgejr568/pigration/internal/cli/run.go:174.5,174.53 1 1
github.com/jorgejr568/pigration/internal/cli/run.go:174.53,176.6 1 1
github.com/jorgejr568/pigration/internal/cli/run.go:179.4,179.83 1 1
github.com/jorgejr568/pigration/internal/cli/run.go:182.2,183.12 2 1
github.com/jorgejr568/pigration/internal/cli/run.go:187.60,192.39 4 1
github.com/jorgejr568/pigration/internal/cli/run.go:192.39,194.3 1 1
github.com/jorgejr568/pigration/internal/cli/run.go:195.2,195.12 1 1
github.com/jorgejr568/pigration/internal/codegen/codegen.go:17.36,20.18 3 1
github.com/jorgejr568/pigration/internal/codegen/codegen.go:20.18,21.20 1 1
github.com/jorgejr568/pigration/internal/codegen/codegen.go:21.20,24.4 2 1
github.com/jorgejr568/pigration/internal/codegen/codegen.go:26.2,27.26 2 1
github.com/jorgejr568/pigration/internal/codegen/codegen.go:27.26,28.10 1 1
github.com/jorgejr568/pigration/internal/codegen/codegen.go:29.50,31.84 1 1
github.com/jorgejr568/pigration/internal/codegen/codegen.go:31.84,33.5 1 1
github.com/jorgejr568/pigration/internal/codegen/codegen.go:34.4,34.20 1 1
github.com/jorgejr568/pigration/internal/codegen/codegen.go:35.11,36.11 1 1
github.com/jorgejr568/pigration/internal/codegen/codegen.go:39.2,40.14 2 1
github.com/jorgejr568/pigration/internal/codegen/codegen.go:44.33,46.2 1 1
github.com/jorgejr568/pigration/internal/codegen/codegen.go:49.33,51.34 2 1
github.com/jorgejr568/pigration/internal/codegen/codegen.go:51.34,52.14 1 1
github.com/jorgejr568/pigration/internal/codegen/codegen.go:52.14,53.12 1 0
github.com/jorgejr568/pigration/internal/codegen/codegen.go:55.3,57.27 3 1
github.com/jorgejr568/pigration/internal/codegen/codegen.go:59.2,59.19 1 1
github.com/jorgejr568/pigration/internal/codegen/codegen.go:104.98,106.17 2 1
github.com/jorgejr568/pigration/internal/codegen/codegen.go:106.17,108.3 1 1
github.com/jorgejr568/pigration/internal/codegen/codegen.go:109.2,114.66 3 1
github.com/jorgejr568/pigration/internal/codegen/codegen.go:114.66,116.3 1 1
github.com/jorgejr568/pigration/internal/codegen/codegen.go:117.2,123.56 3 1
github.com/jorgejr568/pigration/internal/codegen/codegen.go:123.56,125.3 1 0
github.com/jorgejr568/pigration/internal/codegen/codegen.go:126.2,126.43 1 1
github.com/jorgejr568/pigration/internal/codegen/env.go:35.71,41.17 2 1
github.com/jorgejr568/pigration/internal/codegen/env.go:41.17,43.3 1 1
github.com/jorgejr568/pigration/internal/codegen/env.go:44.2,44.17 1 1
github.com/jorgejr568/pigration/internal/codegen/env.go:44.17,46.3 1 1
github.com/jorgejr568/pigration/internal/codegen/env.go:47.2,47.18 1 1
github.com/jorgejr568/pigration/internal/codegen/env.go:47.18,49.3 1 1
github.com/jorgejr568/pigration/internal/codegen/env.go:50.2,50.12 1 1
github.com/jorgejr568/pigration/internal/codegen/runner.go:18.72,20.16 2 1
github.com/jorgejr568/pigration/internal/codegen/runner.go:20.16,22.3 1 1
github.com/jorgejr568/pigration/internal/codegen/runner.go:23.2,24.15 2 1
github.com/jorgejr568/pigration/internal/codegen/runner.go:24.15,26.3 1 1
github.com/jorgejr568/pigration/internal/codegen/runner.go:27.2,29.37 3 1
github.com/jorgejr568/pigration/internal/codegen/runner.go:29.37,31.3 1 1
github.com/jorgejr568/pigration/internal/codegen/runner.go:32.2,32.33 1 1
github.com/jorgejr568/pigration/internal/codegen/runner.go:182.60,193.53 3 1
github.com/jorgejr568/pigration/internal/codegen/runner.go:193.53,195.3 1 0
github.com/jorgejr568/pigration/internal/codegen/runner.go:196.2,196.24 1 1
github.com/jorgejr568/pigration/internal/config/config.go:42.63,43.73 1 1
github.com/jorgejr568/pigration/internal/config/config.go:43.73,49.30 6 1
github.com/jorgejr568/pigration/internal/config/config.go:49.30,51.4 1 1
github.com/jorgejr568/pigration/internal/config/config.go:52.3,52.13 1 1
github.com/jorgejr568/pigration/internal/config/config.go:59.41,61.16 2 1
github.com/jorgejr568/pigration/internal/config/config.go:61.16,62.25 1 1
github.com/jorgejr568/pigration/internal/config/config.go:62.25,64.4 1 1
github.com/jorgejr568/pigration/internal/config/config.go:65.3,65.61 1 1
github.com/jorgejr568/pigration/internal/config/config.go:68.2,69.49 2 1
github.com/jorgejr568/pigration/internal/config/config.go:69.49,71.3 1 1
github.com/jorgejr568/pigration/internal/config/config.go:73.2,73.34 1 1
github.com/jorgejr568/pigration/internal/config/config.go:73.34,73.70 1 1
github.com/jorgejr568/pigration/internal/config/config.go:74.2,85.28 11 1
github.com/jorgejr568/pigration/internal/config/config.go:85.28,87.3 1 1
github.com/jorgejr568/pigration/internal/config/config.go:88.2,88.32 1 1
github.com/jorgejr568/pigration/internal/config/config.go:88.32,90.3 1 1
github.com/jorgejr568/pigration/internal/config/config.go:91.2,91.30 1 1
github.com/jorgejr568/pigration/internal/config/config.go:91.30,93.3 1 1
github.com/jorgejr568/pigration/internal/config/config.go:94.2,94.30 1 1
github.com/jorgejr568/pigration/internal/config/config.go:94.30,96.3 1 1
github.com/jorgejr568/pigration/internal/config/config.go:98.2,98.16 1 1
github.com/jorgejr568/pigration/internal/config/config.go:105.40,106.26 1 1
github.com/jorgejr568/pigration/internal/config/config.go:106.26,108.3 1 1
github.com/jorgejr568/pigration/internal/config/config.go:110.2,110.27 1 1
github.com/jorgejr568/pigration/internal/config/config.go:110.27,112.3 1 1
github.com/jorgejr568/pigration/internal/config/config.go:113.2,113.27 1 1
github.com/jorgejr568/pigration/internal/config/config.go:113.27,115.3 1 1
github.com/jorgejr568/pigration/internal/config/config.go:116.2,116.27 1 1
github.com/jorgejr568/pigration/internal/config/config.go:116.27,118.3 1 1
github.com/jorgejr568/pigration/internal/config/config.go:120.2,121.27 2 1
github.com/jorgejr568/pigration/internal/config/config.go:121.27,123.3 1 1
github.com/jorgejr568/pigration/internal/config/config.go:125.2,130.31 2 1
github.com/jorgejr568/pigration/internal/config/config.go:130.31,132.3 1 1
github.com/jorgejr568/pigration/internal/config/config.go:132.8,134.3 1 1
github.com/jorgejr568/pigration/internal/config/config.go:137.2,137.30 1 1
github.com/jorgejr568/pigration/internal/config/config.go:137.30,141.3 3 1
github.com/jorgejr568/pigration/internal/config/config.go:143.2,143.24 1 1
github.com/jorgejr568/pigration/internal/config/config.go:152.34,153.26 1 1
github.com/jorgejr568/pigration/internal/config/config.go:153.26,155.73 2 1
github.com/jorgejr568/pigration/internal/config/config.go:155.73,157.4 1 1
github.com/jorgejr568/pigration/internal/config/config.go:158.3,158.41 1 1
github.com/jorgejr568/pigration/internal/config/config.go:160.2,160.24 1 1
github.com/jorgejr568/pigration/internal/config/config.go:165.38,168.2 1 1
github.com/jorgejr568/pigration/migrator/registry.go:21.40,22.28 1 1
github.com/jorgejr568/pigration/migrator/registry.go:22.28,22.57 1 1
github.com/jorgejr568/pigration/migrator/registry.go:31.76,33.27 2 1
github.com/jorgejr568/pigration/migrator/registry.go:33.27,35.3 1 1
github.com/jorgejr568/pigration/migrator/registry.go:36.2,36.32 1 1
github.com/jorgejr568/pigration/migrator/registry.go:40.31,43.38 3 1
github.com/jorgejr568/pigration/migrator/registry.go:43.38,43.74 1 1
github.com/jorgejr568/pigration/migrator/registry.go:44.2,44.12 1 1
github.com/jorgejr568/pigration/migrator/registry.go:48.22,48.40 1 1
github.com/jorgejr568/pigration/migrator/registry.go:52.31,54.29 2 1
github.com/jorgejr568/pigration/migrator/registry.go:54.29,55.34 1 1
github.com/jorgejr568/pigration/migrator/registry.go:55.34,57.4 1 1
github.com/jorgejr568/pigration/migrator/registry.go:58.3,58.28 1 1
github.com/jorgejr568/pigration/migrator/registry.go:60.2,60.12 1 1
github.com/jorgejr568/pigration/migrator/runner.go:48.29,48.58 1 1
github.com/jorgejr568/pigration/migrator/runner.go:48.58,48.74 1 1
github.com/jorgejr568/pigration/migrator/runner.go:52.29,52.58 1 1
github.com/jorgejr568/pigration/migrator/runner.go:52.58,52.74 1 1
github.com/jorgejr568/pigration/migrator/runner.go:55.29,55.58 1 1
github.com/jorgejr568/pigration/migrator/runner.go:55.58,55.82 1 1
github.com/jorgejr568/pigration/migrator/runner.go:60.35,61.29 1 1
github.com/jorgejr568/pigration/migrator/runner.go:61.29,62.17 1 1
github.com/jorgejr568/pigration/migrator/runner.go:62.17,64.4 1 1
github.com/jorgejr568/pigration/migrator/runner.go:68.48,70.27 2 1
github.com/jorgejr568/pigration/migrator/runner.go:70.27,72.3 1 1
github.com/jorgejr568/pigration/migrator/runner.go:73.2,73.11 1 1
github.com/jorgejr568/pigration/migrator/runner.go:78.75,80.16 2 1
github.com/jorgejr568/pigration/migrator/runner.go:80.16,82.3 1 1
github.com/jorgejr568/pigration/migrator/runner.go:83.2,84.105 2 1
github.com/jorgejr568/pigration/migrator/runner.go:84.105,87.3 2 0
github.com/jorgejr568/pigration/migrator/runner.go:88.2,88.9 1 1
github.com/jorgejr568/pigration/migrator/runner.go:88.9,91.3 2 1
github.com/jorgejr568/pigration/migrator/runner.go:92.2,92.20 1 1
github.com/jorgejr568/pigration/migrator/runner.go:92.20,99.3 3 1
github.com/jorgejr568/pigration/migrator/runner.go:100.2,100.21 1 1
github.com/jorgejr568/pigration/migrator/runner.go:104.79,111.16 2 1
github.com/jorgejr568/pigration/migrator/runner.go:111.16,113.3 1 1
github.com/jorgejr568/pigration/migrator/runner.go:114.2,114.12 1 1
github.com/jorgejr568/pigration/migrator/runner.go:118.101,121.16 3 1
github.com/jorgejr568/pigration/migrator/runner.go:121.16,123.3 1 1
github.com/jorgejr568/pigration/migrator/runner.go:124.2,125.29 2 1
github.com/jorgejr568/pigration/migrator/runner.go:125.29,127.3 1 1
github.com/jorgejr568/pigration/migrator/runner.go:128.2,128.17 1 1
github.com/jorgejr568/pigration/migrator/runner.go:135.123,136.43 1 1
github.com/jorgejr568/pigration/migrator/runner.go:136.43,138.3 1 1
github.com/jorgejr568/pigration/migrator/runner.go:139.2,140.16 2 1
github.com/jorgejr568/pigration/migrator/runner.go:140.16,142.3 1 1
github.com/jorgejr568/pigration/migrator/runner.go:143.2,145.15 2 1
github.com/jorgejr568/pigration/migrator/runner.go:149.85,150.86 1 1
github.com/jorgejr568/pigration/migrator/runner.go:150.86,152.3 1 1
github.com/jorgejr568/pigration/migrator/runner.go:158.88,162.20 2 1
github.com/jorgejr568/pigration/migrator/runner.go:162.20,164.3 1 1
github.com/jorgejr568/pigration/migrator/runner.go:165.2,165.69 1 1
github.com/jorgejr568/pigration/migrator/runner.go:165.69,166.96 1 1
github.com/jorgejr568/pigration/migrator/runner.go:166.96,168.4 1 0
github.com/jorgejr568/pigration/migrator/runner.go:170.3,170.46 1 1
github.com/jorgejr568/pigration/migrator/runner.go:176.101,177.54 1 1
github.com/jorgejr568/pigration/migrator/runner.go:177.54,179.3 1 1
github.com/jorgejr568/pigration/migrator/runner.go:180.2,181.16 2 1
github.com/jorgejr568/pigration/migrator/runner.go:181.16,183.3 1 1
github.com/jorgejr568/pigration/migrator/runner.go:185.2,186.33 2 1
github.com/jorgejr568/pigration/migrator/runner.go:186.33,187.36 1 1
github.com/jorgejr568/pigration/migrator/runner.go:187.36,189.4 1 1
github.com/jorgejr568/pigration/migrator/runner.go:192.2,194.95 2 1
github.com/jorgejr568/pigration/migrator/runner.go:194.95,196.3 1 1
github.com/jorgejr568/pigration/migrator/runner.go:198.2,198.39 1 1
github.com/jorgejr568/pigration/migrator/runner.go:198.39,200.3 1 1
github.com/jorgejr568/pigration/migrator/runner.go:202.2,203.28 2 1
github.com/jorgejr568/pigration/migrator/runner.go:203.28,204.66 1 1
github.com/jorgejr568/pigration/migrator/runner.go:204.66,206.4 1 1
github.com/jorgejr568/pigration/migrator/runner.go:207.3,207.44 1 1
github.com/jorgejr568/pigration/migrator/runner.go:209.2,209.17 1 1
github.com/jorgejr568/pigration/migrator/runner.go:216.145,217.24 1 1
github.com/jorgejr568/pigration/migrator/runner.go:217.24,218.39 1 1
github.com/jorgejr568/pigration/migrator/runner.go:218.39,220.4 1 1
github.com/jorgejr568/pigration/migrator/runner.go:221.3,221.65 1 1
github.com/jorgejr568/pigration/migrator/runner.go:221.65,223.4 1 1
github.com/jorgejr568/pigration/migrator/runner.go:224.3,224.13 1 1
github.com/jorgejr568/pigration/migrator/runner.go:227.2,228.16 2 1
github.com/jorgejr568/pigration/migrator/runner.go:228.16,230.3 1 0
github.com/jorgejr568/pigration/migrator/runner.go:231.2,231.15 1 1
github.com/jorgejr568/pigration/migrator/runner.go:231.15,231.39 1 1
github.com/jorgejr568/pigration/migrator/runner.go:233.2,233.36 1 1
github.com/jorgejr568/pigration/migrator/runner.go:233.36,235.3 1 1
github.com/jorgejr568/pigration/migrator/runner.go:236.2,236.62 1 1
github.com/jorgejr568/pigration/migrator/runner.go:236.62,238.3 1 1
github.com/jorgejr568/pigration/migrator/runner.go:239.2,239.39 1 1
github.com/jorgejr568/pigration/migrator/runner.go:239.39,241.3 1 0
github.com/jorgejr568/pigration/migrator/runner.go:242.2,242.12 1 1
github.com/jorgejr568/pigration/migrator/runner.go:246.100,249.2 2 1
github.com/jorgejr568/pigration/migrator/runner.go:253.100,255.57 2 1
github.com/jorgejr568/pigration/migrator/runner.go:255.57,257.3 1 1
github.com/jorgejr568/pigration/migrator/runner.go:259.2,265.16 4 1
github.com/jorgejr568/pigration/migrator/runner.go:265.16,267.3 1 1
github.com/jorgejr568/pigration/migrator/runner.go:268.2,269.18 2 1
github.com/jorgejr568/pigration/migrator/runner.go:269.18,272.66 3 1
github.com/jorgejr568/pigration/migrator/runner.go:272.66,274.4 1 1
github.com/jorgejr568/pigration/migrator/runner.go:275.3,275.20 1 1
github.com/jorgejr568/pigration/migrator/runner.go:277.2,277.35 1 1
github.com/jorgejr568/pigration/migrator/runner.go:277.35,279.3 1 0
github.com/jorgejr568/pigration/migrator/runner.go:281.2,283.33 3 1
github.com/jorgejr568/pigration/migrator/runner.go:283.33,286.35 3 1
github.com/jorgejr568/pigration/migrator/runner.go:286.35,290.4 3 1
github.com/jorgejr568/pigration/migrator/runner.go:291.3,291.24 1 1
github.com/jorgejr568/pigration/migrator/runner.go:294.2,294.31 1 1
github.com/jorgejr568/pigration/migrator/runner.go:294.31,295.30 1 1
github.com/jorgejr568/pigration/migrator/runner.go:295.30,296.12 1 1
github.com/jorgejr568/pigration/migrator/runner.go:298.3,298.105 1 1
github.com/jorgejr568/pigration/migrator/runner.go:301.2,301.38 1 1
github.com/jorgejr568/pigration/migrator/runner.go:301.38,301.74 1 1
github.com/jorgejr568/pigration/migrator/runner.go:302.2,302.17 1 1
github.com/jorgejr568/pigration/migrator/runner.go:313.87,315.18 2 1
github.com/jorgejr568/pigration/migrator/runner.go:315.18,317.3 1 1
github.com/jorgejr568/pigration/migrator/runner.go:318.2,318.69 1 1
github.com/jorgejr568/pigration/migrator/runner.go:318.69,319.58 1 1
github.com/jorgejr568/pigration/migrator/runner.go:319.58,321.4 1 1
github.com/jorgejr568/pigration/migrator/runner.go:323.3,324.17 2 1
github.com/jorgejr568/pigration/migrator/runner.go:324.17,326.4 1 1
github.com/jorgejr568/pigration/migrator/runner.go:328.3,329.32 2 1
github.com/jorgejr568/pigration/migrator/runner.go:329.32,331.11 2 1
github.com/jorgejr568/pigration/migrator/runner.go:331.11,333.5 1 1
github.com/jorgejr568/pigration/migrator/runner.go:334.4,334.62 1 1
github.com/jorgejr568/pigration/migrator/runner.go:334.62,336.5 1 1
github.com/jorgejr568/pigration/migrator/runner.go:337.4,337.49 1 1
github.com/jorgejr568/pigration/migrator/runner.go:339.3,339.18 1 1
github.com/jorgejr568/pigration/migrator/runner.go:345.91,348.9 3 1
github.com/jorgejr568/pigration/migrator/runner.go:349.20,351.25 2 1
github.com/jorgejr568/pigration/migrator/runner.go:352.20,354.25 2 1
github.com/jorgejr568/pigration/migrator/runner.go:355.10,356.124 1 1
github.com/jorgejr568/pigration/migrator/runner.go:359.2,361.16 3 1
github.com/jorgejr568/pigration/migrator/runner.go:361.16,363.3 1 1
github.com/jorgejr568/pigration/migrator/runner.go:364.2,364.19 1 1
github.com/jorgejr568/pigration/migrator/runner.go:369.92,372.2 2 1
github.com/jorgejr568/pigration/migrator/runner.go:375.54,376.29 1 1
github.com/jorgejr568/pigration/migrator/runner.go:376.29,377.21 1 1
github.com/jorgejr568/pigration/migrator/runner.go:377.21,379.4 1 1
github.com/jorgejr568/pigration/migrator/runner.go:381.2,381.27 1 1
github.com/jorgejr568/pigration/querybuilder/alter_table.go:23.49,25.2 1 1
github.com/jorgejr568/pigration/querybuilder/alter_table.go:27.67,30.2 2 1
github.com/jorgejr568/pigration/querybuilder/alter_table.go:32.77,35.2 2 1
github.com/jorgejr568/pigration/querybuilder/alter_table.go:38.109,40.25 2 1
github.com/jorgejr568/pigration/querybuilder/alter_table.go:40.25,42.3 1 1
github.com/jorgejr568/pigration/querybuilder/alter_table.go:43.2,43.49 1 1
github.com/jorgejr568/pigration/querybuilder/alter_table.go:47.72,49.2 1 1
github.com/jorgejr568/pigration/querybuilder/alter_table.go:52.78,54.2 1 1
github.com/jorgejr568/pigration/querybuilder/alter_table.go:57.91,59.2 1 1
github.com/jorgejr568/pigration/querybuilder/alter_table.go:62.85,64.2 1 1
github.com/jorgejr568/pigration/querybuilder/alter_table.go:67.73,69.2 1 1
github.com/jorgejr568/pigration/querybuilder/alter_table.go:72.72,74.2 1 1
github.com/jorgejr568/pigration/querybuilder/alter_table.go:77.73,79.2 1 1
github.com/jorgejr568/pigration/querybuilder/alter_table.go:82.81,84.2 1 1
github.com/jorgejr568/pigration/querybuilder/alter_table.go:87.76,89.2 1 1
github.com/jorgejr568/pigration/querybuilder/alter_table.go:92.116,94.25 2 1
github.com/jorgejr568/pigration/querybuilder/alter_table.go:94.25,96.3 1 1
github.com/jorgejr568/pigration/querybuilder/alter_table.go:97.2,99.22 2 1
github.com/jorgejr568/pigration/querybuilder/alter_table.go:103.73,105.2 1 1
github.com/jorgejr568/pigration/querybuilder/alter_table.go:113.60,114.25 1 1
github.com/jorgejr568/pigration/querybuilder/alter_table.go:114.25,116.3 1 1
github.com/jorgejr568/pigration/querybuilder/alter_table.go:118.2,122.18 4 1
github.com/jorgejr568/pigration/querybuilder/alter_table.go:122.18,123.26 1 1
github.com/jorgejr568/pigration/querybuilder/alter_table.go:123.26,126.4 2 1
github.com/jorgejr568/pigration/querybuilder/alter_table.go:129.2,129.30 1 1
github.com/jorgejr568/pigration/querybuilder/alter_table.go:129.30,130.19 1 1
github.com/jorgejr568/pigration/querybuilder/alter_table.go:130.19,133.12 3 1
github.com/jorgejr568/pigration/querybuilder/alter_table.go:135.3,135.44 1 1
github.com/jorgejr568/pigration/querybuilder/alter_table.go:137.2,139.19 2 1
github.com/jorgejr568/pigration/querybuilder/alter_table.go:143.53,145.16 2 1
github.com/jorgejr568/pigration/querybuilder/alter_table.go:145.16,147.3 1 1
github.com/jorgejr568/pigration/querybuilder/alter_table.go:148.2,148.39 1 1
github.com/jorgejr568/pigration/querybuilder/alter_table.go:152.77,154.16 2 1
github.com/jorgejr568/pigration/querybuilder/alter_table.go:154.16,156.3 1 1
github.com/jorgejr568/pigration/querybuilder/alter_table.go:157.2,157.41 1 1
github.com/jorgejr568/pigration/querybuilder/column.go:29.39,31.22 2 1
github.com/jorgejr568/pigration/querybuilder/column.go:31.22,33.3 1 1
github.com/jorgejr568/pigration/querybuilder/column.go:34.2,34.22 1 1
github.com/jorgejr568/pigration/querybuilder/column.go:34.22,36.3 1 1
github.com/jorgejr568/pigration/querybuilder/column.go:37.2,37.12 1 1
github.com/jorgejr568/pigration/querybuilder/column.go:44.38,45.24 1 1
github.com/jorgejr568/pigration/querybuilder/column.go:45.24,45.42 1 1
github.com/jorgejr568/pigration/querybuilder/column.go:49.38,50.24 1 1
github.com/jorgejr568/pigration/querybuilder/column.go:50.24,50.42 1 1
github.com/jorgejr568/pigration/querybuilder/column.go:71.31,72.28 1 1
github.com/jorgejr568/pigration/querybuilder/column.go:72.28,72.48 1 1
github.com/jorgejr568/pigration/querybuilder/column.go:76.30,77.28 1 1
github.com/jorgejr568/pigration/querybuilder/column.go:77.28,77.47 1 1
github.com/jorgejr568/pigration/querybuilder/column.go:81.34,82.28 1 1
github.com/jorgejr568/pigration/querybuilder/column.go:82.28,82.51 1 1
github.com/jorgejr568/pigration/querybuilder/column.go:86.36,87.28 1 1
github.com/jorgejr568/pigration/querybuilder/column.go:87.28,87.49 1 1
github.com/jorgejr568/pigration/querybuilder/column.go:93.36,94.28 1 1
github.com/jorgejr568/pigration/querybuilder/column.go:94.28,95.24 1 1
github.com/jorgejr568/pigration/querybuilder/column.go:96.15,97.27 1 1
github.com/jorgejr568/pigration/querybuilder/column.go:98.13,99.20 1 1
github.com/jorgejr568/pigration/querybuilder/column.go:100.11,101.25 1 1
github.com/jorgejr568/pigration/querybuilder/column.go:107.40,108.28 1 1
github.com/jorgejr568/pigration/querybuilder/column.go:108.28,108.46 1 1
github.com/jorgejr568/pigration/querybuilder/column.go:112.46,113.28 1 1
github.com/jorgejr568/pigration/querybuilder/column.go:113.28,113.50 1 1
github.com/jorgejr568/pigration/querybuilder/column.go:117.72,118.28 1 1
github.com/jorgejr568/pigration/querybuilder/column.go:118.28,120.26 2 1
github.com/jorgejr568/pigration/querybuilder/column.go:120.26,122.4 1 1
github.com/jorgejr568/pigration/querybuilder/column.go:123.3,123.13 1 1
github.com/jorgejr568/pigration/querybuilder/column.go:129.43,132.18 2 1
github.com/jorgejr568/pigration/querybuilder/column.go:132.18,134.3 1 1
github.com/jorgejr568/pigration/querybuilder/column.go:135.2,135.15 1 1
github.com/jorgejr568/pigration/querybuilder/column.go:135.15,137.3 1 1
github.com/jorgejr568/pigration/querybuilder/column.go:138.2,138.14 1 1
github.com/jorgejr568/pigration/querybuilder/column.go:138.14,140.3 1 1
github.com/jorgejr568/pigration/querybuilder/column.go:141.2,141.17 1 1
github.com/jorgejr568/pigration/querybuilder/column.go:141.17,143.3 1 1
github.com/jorgejr568/pigration/querybuilder/column.go:144.2,144.17 1 1
github.com/jorgejr568/pigration/querybuilder/column.go:144.17,146.3 1 1
github.com/jorgejr568/pigration/querybuilder/column.go:147.2,147.23 1 1
github.com/jorgejr568/pigration/querybuilder/column.go:147.23,149.3 1 1
github.com/jorgejr568/pigration/querybuilder/column.go:151.2,152.19 2 1
github.com/jorgejr568/pigration/querybuilder/column.go:152.19,154.3 1 1
github.com/jorgejr568/pigration/querybuilder/column.go:155.2,155.16 1 1
github.com/jorgejr568/pigration/querybuilder/column.go:155.16,157.3 1 1
github.com/jorgejr568/pigration/querybuilder/column.go:158.2,160.33 2 1
github.com/jorgejr568/pigration/querybuilder/create_table.go:18.51,20.2 1 1
github.com/jorgejr568/pigration/querybuilder/create_table.go:23.64,26.2 2 1
github.com/jorgejr568/pigration/querybuilder/create_table.go:29.108,31.25 2 1
github.com/jorgejr568/pigration/querybuilder/create_table.go:31.25,33.3 1 1
github.com/jorgejr568/pigration/querybuilder/create_table.go:34.2,35.10 2 1
github.com/jorgejr568/pigration/querybuilder/create_table.go:39.104,41.2 1 1
github.com/jorgejr568/pigration/querybuilder/create_table.go:44.75,46.2 1 1
github.com/jorgejr568/pigration/querybuilder/create_table.go:49.63,53.2 3 1
github.com/jorgejr568/pigration/querybuilder/create_table.go:56.84,59.2 2 1
github.com/jorgejr568/pigration/querybuilder/create_table.go:62.80,65.2 2 1
github.com/jorgejr568/pigration/querybuilder/create_table.go:68.85,71.2 2 1
github.com/jorgejr568/pigration/querybuilder/create_table.go:74.54,75.22 1 1
github.com/jorgejr568/pigration/querybuilder/create_table.go:75.22,77.3 1 1
github.com/jorgejr568/pigration/querybuilder/create_table.go:78.2,79.27 2 1
github.com/jorgejr568/pigration/querybuilder/create_table.go:79.27,81.3 1 1
github.com/jorgejr568/pigration/querybuilder/create_table.go:82.2,86.19 4 1
github.com/jorgejr568/pigration/querybuilder/create_table.go:86.19,88.3 1 1
github.com/jorgejr568/pigration/querybuilder/create_table.go:89.2,93.25 5 1
github.com/jorgejr568/pigration/querybuilder/create_table.go:97.78,99.2 1 1
github.com/jorgejr568/pigration/querybuilder/create_table.go:102.44,104.25 2 1
github.com/jorgejr568/pigration/querybuilder/create_table.go:104.25,106.3 1 1
github.com/jorgejr568/pigration/querybuilder/create_table.go:107.2,107.35 1 1
github.com/jorgejr568/pigration/querybuilder/drop.go:17.42,17.92 1 1
github.com/jorgejr568/pigration/querybuilder/drop.go:20.41,20.90 1 1
github.com/jorgejr568/pigration/querybuilder/drop.go:23.43,23.94 1 1
github.com/jorgejr568/pigration/querybuilder/drop.go:26.47,29.2 2 1
github.com/jorgejr568/pigration/querybuilder/drop.go:32.46,35.2 2 1
github.com/jorgejr568/pigration/querybuilder/drop.go:38.47,43.16 5 1
github.com/jorgejr568/pigration/querybuilder/drop.go:43.16,45.3 1 1
github.com/jorgejr568/pigration/querybuilder/drop.go:46.2,47.15 2 1
github.com/jorgejr568/pigration/querybuilder/drop.go:47.15,49.3 1 1
github.com/jorgejr568/pigration/querybuilder/drop.go:50.2,50.25 1 1
github.com/jorgejr568/pigration/querybuilder/drop.go:54.71,56.2 1 1
github.com/jorgejr568/pigration/querybuilder/execer.go:23.67,25.16 2 1
github.com/jorgejr568/pigration/querybuilder/execer.go:25.16,27.3 1 1
github.com/jorgejr568/pigration/querybuilder/execer.go:28.2,28.49 1 1
github.com/jorgejr568/pigration/querybuilder/ident.go:13.37,15.2 1 1
github.com/jorgejr568/pigration/querybuilder/ident.go:19.36,21.2 1 1
github.com/jorgejr568/pigration/querybuilder/ident.go:25.77,26.26 1 1
github.com/jorgejr568/pigration/querybuilder/ident.go:26.26,27.46 1 1
github.com/jorgejr568/pigration/querybuilder/ident.go:27.46,29.4 1 1
github.com/jorgejr568/pigration/querybuilder/ident.go:31.2,31.12 1 1
github.com/jorgejr568/pigration/querybuilder/index.go:21.51,23.2 1 1
github.com/jorgejr568/pigration/querybuilder/index.go:26.67,29.2 2 1
github.com/jorgejr568/pigration/querybuilder/index.go:32.74,35.2 2 1
github.com/jorgejr568/pigration/querybuilder/index.go:38.59,41.2 2 1
github.com/jorgejr568/pigration/querybuilder/index.go:44.71,47.2 2 1
github.com/jorgejr568/pigration/querybuilder/index.go:50.69,53.2 2 1
github.com/jorgejr568/pigration/querybuilder/index.go:56.65,59.2 2 1
github.com/jorgejr568/pigration/querybuilder/index.go:62.54,63.19 1 1
github.com/jorgejr568/pigration/querybuilder/index.go:63.19,65.3 1 1
github.com/jorgejr568/pigration/querybuilder/index.go:66.2,66.22 1 1
github.com/jorgejr568/pigration/querybuilder/index.go:66.22,68.3 1 1
github.com/jorgejr568/pigration/querybuilder/index.go:70.2,72.14 3 1
github.com/jorgejr568/pigration/querybuilder/index.go:72.14,74.3 1 1
github.com/jorgejr568/pigration/querybuilder/index.go:75.2,76.20 2 1
github.com/jorgejr568/pigration/querybuilder/index.go:76.20,78.3 1 1
github.com/jorgejr568/pigration/querybuilder/index.go:79.2,82.20 4 1
github.com/jorgejr568/pigration/querybuilder/index.go:82.20,85.3 2 1
github.com/jorgejr568/pigration/querybuilder/index.go:86.2,89.19 4 1
github.com/jorgejr568/pigration/querybuilder/index.go:89.19,92.3 2 1
github.com/jorgejr568/pigration/querybuilder/index.go:93.2,93.25 1 1
github.com/jorgejr568/pigration/querybuilder/index.go:97.78,99.2 1 1
github.com/jorgejr568/pigration/querybuilder/index.go:109.47,111.2 1 1
github.com/jorgejr568/pigration/querybuilder/index.go:114.57,117.2 2 1
github.com/jorgejr568/pigration/querybuilder/index.go:120.61,123.2 2 1
github.com/jorgejr568/pigration/querybuilder/index.go:126.52,129.20 3 1
github.com/jorgejr568/pigration/querybuilder/index.go:129.20,131.3 1 1
github.com/jorgejr568/pigration/querybuilder/index.go:132.2,132.16 1 1
github.com/jorgejr568/pigration/querybuilder/index.go:132.16,134.3 1 1
github.com/jorgejr568/pigration/querybuilder/index.go:135.2,136.25 2 1
github.com/jorgejr568/pigration/querybuilder/index.go:140.76,142.2 1 1
github.com/jorgejr568/pigration/querybuilder/raw.go:12.32,12.48 1 1
github.com/jorgejr568/pigration/querybuilder/raw.go:16.31,18.2 1 1
github.com/jorgejr568/pigration/querybuilder/raw.go:27.43,29.2 1 1
github.com/jorgejr568/pigration/querybuilder/raw.go:32.42,34.2 1 1
github.com/jorgejr568/pigration/querybuilder/raw.go:37.66,40.2 2 1
github.com/jorgejr568/pigration/querybuilder/schema.go:15.53,17.2 1 1
github.com/jorgejr568/pigration/querybuilder/schema.go:20.66,23.2 2 1
github.com/jorgejr568/pigration/querybuilder/schema.go:26.55,29.19 3 1
github.com/jorgejr568/pigration/querybuilder/schema.go:29.19,31.3 1 1
github.com/jorgejr568/pigration/querybuilder/schema.go:32.2,33.25 2 1
github.com/jorgejr568/pigration/querybuilder/schema.go:37.79,39.2 1 1
github.com/jorgejr568/pigration/querybuilder/type_enum.go:16.49,18.2 1 1
github.com/jorgejr568/pigration/querybuilder/type_enum.go:21.71,24.2 2 1
github.com/jorgejr568/pigration/querybuilder/type_enum.go:27.53,28.28 1 1
github.com/jorgejr568/pigration/querybuilder/type_enum.go:28.28,30.3 1 1
github.com/jorgejr568/pigration/querybuilder/type_enum.go:31.2,32.33 2 1
github.com/jorgejr568/pigration/querybuilder/type_enum.go:32.33,34.3 1 1
github.com/jorgejr568/pigration/querybuilder/type_enum.go:35.2,35.99 1 1
github.com/jorgejr568/pigration/querybuilder/type_enum.go:39.77,41.2 1 1
github.com/jorgejr568/pigration/querybuilder/type_enum.go:52.66,54.2 1 1
github.com/jorgejr568/pigration/querybuilder/type_enum.go:57.63,61.2 3 1
github.com/jorgejr568/pigration/querybuilder/type_enum.go:64.62,68.2 3 1
github.com/jorgejr568/pigration/querybuilder/type_enum.go:71.52,73.20 2 1
github.com/jorgejr568/pigration/querybuilder/type_enum.go:73.20,75.3 1 1
github.com/jorgejr568/pigration/querybuilder/type_enum.go:75.8,75.26 1 1
github.com/jorgejr568/pigration/querybuilder/type_enum.go:75.26,77.3 1 1
github.com/jorgejr568/pigration/querybuilder/type_enum.go:78.2,78.17 1 1
github.com/jorgejr568/pigration/querybuilder/type_enum.go:82.76,84.2 1 1
github.com/jorgejr568/pigration/querybuilder/types.go:9.37,9.53 1 1
github.com/jorgejr568/pigration/querybuilder/types.go:35.32,37.2 1 1
github.com/jorgejr568/pigration/querybuilder/types.go:40.29,42.2 1 1
github.com/jorgejr568/pigration/querybuilder/types.go:45.47,47.2 1 1
